<?xml version="1.0" encoding="UTF-8"?>
<testng-results skipped="0" failed="0" total="1" passed="1">
  <reporter-output>
  </reporter-output>
  <suite name="com.tests.search.Test_BlankSearch" duration-ms="9174" started-at="2014-11-04T17:29:18Z" finished-at="2014-11-04T17:29:27Z">
    <groups>
    </groups>
    <test name="Command line test" duration-ms="9174" started-at="2014-11-04T17:29:18Z" finished-at="2014-11-04T17:29:27Z">
      <class name="com.tests.search.Test_BlankSearch">
        <test-method status="PASS" signature="checkTest()" name="checkTest" duration-ms="9164" started-at="2014-11-04T17:29:18Z" finished-at="2014-11-04T17:29:27Z">
        </test-method>
      </class>
    </test>
  </suite>
</testng-results>
